<?xml version="1.0" encoding="UTF-8"?>
<testsuite name="Academy Choucair" tests="1" skipped="0" failures="0" errors="0" timestamp="2021-07-23T17:16:22" hostname="DESKTOP-ODNVN05" time="20.992">
  <properties/>
  <testcase name="Search for a automation course" classname="Academy Choucair" time="20.992"/>
  <system-out><![CDATA[]]></system-out>
  <system-err><![CDATA[[Test worker] WARN net.thucydides.core.steps.BaseStepListener - stepStarted: net.thucydides.core.steps.ExecutedStepDescription@658c915e
[Test worker] WARN net.thucydides.core.steps.BaseStepListener - stepStarted: net.thucydides.core.steps.ExecutedStepDescription@7424b9f6
[Test worker] WARN net.thucydides.core.steps.BaseStepListener - stepStarted: net.thucydides.core.steps.ExecutedStepDescription@638a059b
Jul 23, 2021 12:16:23 PM org.openqa.selenium.remote.DesiredCapabilities chrome
INFO: Using `new ChromeOptions()` is preferred to `DesiredCapabilities.chrome()`
[Test worker] INFO net.serenitybdd.core.webdriver.driverproviders.ProvideNewDriver - Instantiating driver
[Test worker] INFO net.serenitybdd.core.webdriver.driverproviders.ProvideNewDriver - Driver capabilities: Capabilities {acceptInsecureCerts: false, browserName: chrome, chrome.switches: --start-maximized, goog:chromeOptions: {args: [--start-maximized], extensions: []}, loggingPrefs: org.openqa.selenium.logging..., platform: ANY, version: }
Starting ChromeDriver 92.0.4515.43 (8c61b7e2989f2990d42f859cac71319137787cce-refs/branch-heads/4515@{#306}) on port 38433
Only local connections are allowed.
Please see https://chromedriver.chromium.org/security-considerations for suggestions on keeping ChromeDriver safe.
ChromeDriver was started successfully.
Jul 23, 2021 12:16:25 PM org.openqa.selenium.remote.ProtocolHandshake createSession
INFO: Detected dialect: W3C
[Test worker] WARN net.thucydides.core.steps.BaseStepListener - stepFinished: current outcome:Search for a automation course:Example: {strUser=1122143074, strPassword=Choucair2021*, strCourse=Workshop de Automatización} [Given that julian wants to learn automation at the academy Choucair
| strUser | strPassword |
| 1122143074 | Choucair2021* | [Julian open up [Julian opens the Choucair academy page]]]
[Test worker] WARN net.thucydides.core.steps.BaseStepListener - stepFinished: current outcome:Search for a automation course:Example: {strUser=1122143074, strPassword=Choucair2021*, strCourse=Workshop de Automatización} [Given that julian wants to learn automation at the academy Choucair
| strUser | strPassword |
| 1122143074 | Choucair2021* | [Julian open up [Julian opens the Choucair academy page]]]
[Test worker] WARN net.thucydides.core.steps.BaseStepListener - stepStarted: net.thucydides.core.steps.ExecutedStepDescription@3508f4c0
[Test worker] WARN net.thucydides.core.steps.BaseStepListener - stepStarted: net.thucydides.core.steps.ExecutedStepDescription@1d500932
[Test worker] WARN net.thucydides.core.steps.BaseStepListener - stepFinished: current outcome:Search for a automation course:Example: {strUser=1122143074, strPassword=Choucair2021*, strCourse=Workshop de Automatización} [Given that julian wants to learn automation at the academy Choucair
| strUser | strPassword |
| 1122143074 | Choucair2021* | [Julian open up [Julian opens the Choucair academy page], Julian login [Julian clicks on button that show us the form to login]]]
[Test worker] WARN net.thucydides.core.steps.BaseStepListener - stepStarted: net.thucydides.core.steps.ExecutedStepDescription@3fe472c6
[Test worker] WARN net.thucydides.core.steps.BaseStepListener - stepFinished: current outcome:Search for a automation course:Example: {strUser=1122143074, strPassword=Choucair2021*, strCourse=Workshop de Automatización} [Given that julian wants to learn automation at the academy Choucair
| strUser | strPassword |
| 1122143074 | Choucair2021* | [Julian open up [Julian opens the Choucair academy page], Julian login [Julian clicks on button that show us the form to login, Julian enters '1122143074' into where we put the username]]]
[Test worker] WARN net.thucydides.core.steps.BaseStepListener - stepStarted: net.thucydides.core.steps.ExecutedStepDescription@1b35c5d7
[Test worker] WARN net.thucydides.core.steps.BaseStepListener - stepFinished: current outcome:Search for a automation course:Example: {strUser=1122143074, strPassword=Choucair2021*, strCourse=Workshop de Automatización} [Given that julian wants to learn automation at the academy Choucair
| strUser | strPassword |
| 1122143074 | Choucair2021* | [Julian open up [Julian opens the Choucair academy page], Julian login [Julian clicks on button that show us the form to login, Julian enters '1122143074' into where we put the username, Julian enters 'Choucair2021*' into where we write the password]]]
[Test worker] WARN net.thucydides.core.steps.BaseStepListener - stepStarted: net.thucydides.core.steps.ExecutedStepDescription@4660c272
[Test worker] WARN net.thucydides.core.steps.BaseStepListener - stepFinished: current outcome:Search for a automation course:Example: {strUser=1122143074, strPassword=Choucair2021*, strCourse=Workshop de Automatización} [Given that julian wants to learn automation at the academy Choucair
| strUser | strPassword |
| 1122143074 | Choucair2021* | [Julian open up [Julian opens the Choucair academy page], Julian login [Julian clicks on button that show us the form to login, Julian enters '1122143074' into where we put the username, Julian enters 'Choucair2021*' into where we write the password, Julian clicks on where we click to log into the platform]]]
[Test worker] WARN net.thucydides.core.steps.BaseStepListener - stepFinished: current outcome:Search for a automation course:Example: {strUser=1122143074, strPassword=Choucair2021*, strCourse=Workshop de Automatización} [Given that julian wants to learn automation at the academy Choucair
| strUser | strPassword |
| 1122143074 | Choucair2021* | [Julian open up [Julian opens the Choucair academy page], Julian login [Julian clicks on button that show us the form to login, Julian enters '1122143074' into where we put the username, Julian enters 'Choucair2021*' into where we write the password, Julian clicks on where we click to log into the platform]]]
[Test worker] WARN net.thucydides.core.steps.BaseStepListener - stepFinished: current outcome:Search for a automation course:Example: {strUser=1122143074, strPassword=Choucair2021*, strCourse=Workshop de Automatización} [Given that julian wants to learn automation at the academy Choucair
| strUser | strPassword |
| 1122143074 | Choucair2021* | [Julian open up [Julian opens the Choucair academy page], Julian login [Julian clicks on button that show us the form to login, Julian enters '1122143074' into where we put the username, Julian enters 'Choucair2021*' into where we write the password, Julian clicks on where we click to log into the platform]]]
[Test worker] WARN net.thucydides.core.steps.BaseStepListener - stepStarted: net.thucydides.core.steps.ExecutedStepDescription@6168932d
[Test worker] WARN net.thucydides.core.steps.BaseStepListener - stepStarted: net.thucydides.core.steps.ExecutedStepDescription@38d4276a
[Test worker] WARN net.thucydides.core.steps.BaseStepListener - stepStarted: net.thucydides.core.steps.ExecutedStepDescription@4b532bf8
[Test worker] WARN net.thucydides.core.steps.BaseStepListener - stepFinished: current outcome:Search for a automation course:Example: {strUser=1122143074, strPassword=Choucair2021*, strCourse=Workshop de Automatización} [Given that julian wants to learn automation at the academy Choucair
| strUser | strPassword |
| 1122143074 | Choucair2021* | [Julian open up [Julian opens the Choucair academy page], Julian login [Julian clicks on button that show us the form to login, Julian enters '1122143074' into where we put the username, Julian enters 'Choucair2021*' into where we write the password, Julian clicks on where we click to log into the platform]], When he searches for the course on the Choucair academy platform
| strCourse |
| Workshop de Automatización | [Julian search [Julian clicks on button that lead us to the courses page]]]
[Test worker] WARN net.thucydides.core.steps.BaseStepListener - stepStarted: net.thucydides.core.steps.ExecutedStepDescription@af05d84
[Test worker] WARN net.thucydides.core.steps.BaseStepListener - stepFinished: current outcome:Search for a automation course:Example: {strUser=1122143074, strPassword=Choucair2021*, strCourse=Workshop de Automatización} [Given that julian wants to learn automation at the academy Choucair
| strUser | strPassword |
| 1122143074 | Choucair2021* | [Julian open up [Julian opens the Choucair academy page], Julian login [Julian clicks on button that show us the form to login, Julian enters '1122143074' into where we put the username, Julian enters 'Choucair2021*' into where we write the password, Julian clicks on where we click to log into the platform]], When he searches for the course on the Choucair academy platform
| strCourse |
| Workshop de Automatización | [Julian search [Julian clicks on button that lead us to the courses page, Julian enters 'Workshop de Automatización' into box where we type the course name]]]
[Test worker] WARN net.thucydides.core.steps.BaseStepListener - stepStarted: net.thucydides.core.steps.ExecutedStepDescription@5c60c29e
[Test worker] WARN net.thucydides.core.steps.BaseStepListener - stepFinished: current outcome:Search for a automation course:Example: {strUser=1122143074, strPassword=Choucair2021*, strCourse=Workshop de Automatización} [Given that julian wants to learn automation at the academy Choucair
| strUser | strPassword |
| 1122143074 | Choucair2021* | [Julian open up [Julian opens the Choucair academy page], Julian login [Julian clicks on button that show us the form to login, Julian enters '1122143074' into where we put the username, Julian enters 'Choucair2021*' into where we write the password, Julian clicks on where we click to log into the platform]], When he searches for the course on the Choucair academy platform
| strCourse |
| Workshop de Automatización | [Julian search [Julian clicks on button that lead us to the courses page, Julian enters 'Workshop de Automatización' into box where we type the course name, Julian clicks on button where we click on to search for the course]]]
[Test worker] WARN net.thucydides.core.steps.BaseStepListener - stepFinished: current outcome:Search for a automation course:Example: {strUser=1122143074, strPassword=Choucair2021*, strCourse=Workshop de Automatización} [Given that julian wants to learn automation at the academy Choucair
| strUser | strPassword |
| 1122143074 | Choucair2021* | [Julian open up [Julian opens the Choucair academy page], Julian login [Julian clicks on button that show us the form to login, Julian enters '1122143074' into where we put the username, Julian enters 'Choucair2021*' into where we write the password, Julian clicks on where we click to log into the platform]], When he searches for the course on the Choucair academy platform
| strCourse |
| Workshop de Automatización | [Julian search [Julian clicks on button that lead us to the courses page, Julian enters 'Workshop de Automatización' into box where we type the course name, Julian clicks on button where we click on to search for the course]]]
[Test worker] WARN net.thucydides.core.steps.BaseStepListener - stepFinished: current outcome:Search for a automation course:Example: {strUser=1122143074, strPassword=Choucair2021*, strCourse=Workshop de Automatización} [Given that julian wants to learn automation at the academy Choucair
| strUser | strPassword |
| 1122143074 | Choucair2021* | [Julian open up [Julian opens the Choucair academy page], Julian login [Julian clicks on button that show us the form to login, Julian enters '1122143074' into where we put the username, Julian enters 'Choucair2021*' into where we write the password, Julian clicks on where we click to log into the platform]], When he searches for the course on the Choucair academy platform
| strCourse |
| Workshop de Automatización | [Julian search [Julian clicks on button that lead us to the courses page, Julian enters 'Workshop de Automatización' into box where we type the course name, Julian clicks on button where we click on to search for the course]]]
[Test worker] WARN net.thucydides.core.steps.BaseStepListener - stepStarted: net.thucydides.core.steps.ExecutedStepDescription@70629250
[Test worker] WARN net.thucydides.core.steps.BaseStepListener - stepStarted: net.thucydides.core.steps.ExecutedStepDescription@68a8635
[Test worker] WARN net.thucydides.core.steps.BaseStepListener - stepFinished: current outcome:Search for a automation course:Example: {strUser=1122143074, strPassword=Choucair2021*, strCourse=Workshop de Automatización} [Given that julian wants to learn automation at the academy Choucair
| strUser | strPassword |
| 1122143074 | Choucair2021* | [Julian open up [Julian opens the Choucair academy page], Julian login [Julian clicks on button that show us the form to login, Julian enters '1122143074' into where we put the username, Julian enters 'Choucair2021*' into where we write the password, Julian clicks on where we click to log into the platform]], When he searches for the course on the Choucair academy platform
| strCourse |
| Workshop de Automatización | [Julian search [Julian clicks on button that lead us to the courses page, Julian enters 'Workshop de Automatización' into box where we type the course name, Julian clicks on button where we click on to search for the course]], Then he finds the course called
| strCourse |
| Workshop de Automatización | [Then answer]]
[Test worker] WARN net.thucydides.core.steps.BaseStepListener - stepFinished: current outcome:Search for a automation course:Example: {strUser=1122143074, strPassword=Choucair2021*, strCourse=Workshop de Automatización} [Given that julian wants to learn automation at the academy Choucair
| strUser | strPassword |
| 1122143074 | Choucair2021* | [Julian open up [Julian opens the Choucair academy page], Julian login [Julian clicks on button that show us the form to login, Julian enters '1122143074' into where we put the username, Julian enters 'Choucair2021*' into where we write the password, Julian clicks on where we click to log into the platform]], When he searches for the course on the Choucair academy platform
| strCourse |
| Workshop de Automatización | [Julian search [Julian clicks on button that lead us to the courses page, Julian enters 'Workshop de Automatización' into box where we type the course name, Julian clicks on button where we click on to search for the course]], Then he finds the course called
| strCourse |
| Workshop de Automatización | [Then answer]]
[Test worker] WARN net.thucydides.core.steps.BaseStepListener - stepFinished: current outcome:Search for a automation course:Example: {strUser=1122143074, strPassword=Choucair2021*, strCourse=Workshop de Automatización} [Given that julian wants to learn automation at the academy Choucair
| strUser | strPassword |
| 1122143074 | Choucair2021* | [Julian open up [Julian opens the Choucair academy page], Julian login [Julian clicks on button that show us the form to login, Julian enters '1122143074' into where we put the username, Julian enters 'Choucair2021*' into where we write the password, Julian clicks on where we click to log into the platform]], When he searches for the course on the Choucair academy platform
| strCourse |
| Workshop de Automatización | [Julian search [Julian clicks on button that lead us to the courses page, Julian enters 'Workshop de Automatización' into box where we type the course name, Julian clicks on button where we click on to search for the course]], Then he finds the course called
| strCourse |
| Workshop de Automatización | [Then answer]]
[Test worker] WARN net.thucydides.core.steps.BaseStepListener - testFinished: Search for a automation course:Example: {strUser=1122143074, strPassword=Choucair2021*, strCourse=Workshop de Automatización} [Given that julian wants to learn automation at the academy Choucair
| strUser | strPassword |
| 1122143074 | Choucair2021* | [Julian open up [Julian opens the Choucair academy page], Julian login [Julian clicks on button that show us the form to login, Julian enters '1122143074' into where we put the username, Julian enters 'Choucair2021*' into where we write the password, Julian clicks on where we click to log into the platform]], When he searches for the course on the Choucair academy platform
| strCourse |
| Workshop de Automatización | [Julian search [Julian clicks on button that lead us to the courses page, Julian enters 'Workshop de Automatización' into box where we type the course name, Julian clicks on button where we click on to search for the course]], Then he finds the course called
| strCourse |
| Workshop de Automatización | [Then answer]]
[Test worker] WARN net.thucydides.core.steps.BaseStepListener - TestOutcomes: [Search for a automation course:Example: {strUser=1122143074, strPassword=Choucair2021*, strCourse=Workshop de Automatización} [Given that julian wants to learn automation at the academy Choucair
| strUser | strPassword |
| 1122143074 | Choucair2021* | [Julian open up [Julian opens the Choucair academy page], Julian login [Julian clicks on button that show us the form to login, Julian enters '1122143074' into where we put the username, Julian enters 'Choucair2021*' into where we write the password, Julian clicks on where we click to log into the platform]], When he searches for the course on the Choucair academy platform
| strCourse |
| Workshop de Automatización | [Julian search [Julian clicks on button that lead us to the courses page, Julian enters 'Workshop de Automatización' into box where we type the course name, Julian clicks on button where we click on to search for the course]], Then he finds the course called
| strCourse |
| Workshop de Automatización | [Then answer]]]
[Test worker] WARN net.thucydides.core.steps.BaseStepListener - Final testOutcomes: [Search for a automation course:Example: {strUser=1122143074, strPassword=Choucair2021*, strCourse=Workshop de Automatización} [Given that julian wants to learn automation at the academy Choucair
| strUser | strPassword |
| 1122143074 | Choucair2021* | [Julian open up [Julian opens the Choucair academy page], Julian login [Julian clicks on button that show us the form to login, Julian enters '1122143074' into where we put the username, Julian enters 'Choucair2021*' into where we write the password, Julian clicks on where we click to log into the platform]], When he searches for the course on the Choucair academy platform
| strCourse |
| Workshop de Automatización | [Julian search [Julian clicks on button that lead us to the courses page, Julian enters 'Workshop de Automatización' into box where we type the course name, Julian clicks on button where we click on to search for the course]], Then he finds the course called
| strCourse |
| Workshop de Automatización | [Then answer]]]
[Test worker] INFO net.thucydides.core.steps.ConsoleLoggingListener - 
        __    _____ _____ ____ _____   ____   _    ____  ____  _____ ____  
  _     \ \  |_   _| ____/ ___|_   _| |  _ \ / \  / ___|/ ___|| ____|  _ \ 
 (_)_____| |   | | |  _| \___ \ | |   | |_) / _ \ \___ \\___ \|  _| | | | |
  _|_____| |   | | | |___ ___) || |   |  __/ ___ \ ___) |___) | |___| |_| |
 (_)     | |   |_| |_____|____/ |_|   |_| /_/   \_\____/|____/|_____|____/ 
        /_/                                                                

TEST PASSED: Search for a automation course
----------------------------------------------------------------------------
]]></system-err>
</testsuite>
